#
# A fatal error has been detected by the Java Runtime Environment:
#
#  EXCEPTION_ACCESS_VIOLATION (0xc0000005) at pc=0x000000007352ff53, pid=12040, tid=12712
#
# JRE version: 7.0_11-b21
# Java VM: Java HotSpot(TM) 64-Bit Server VM (23.6-b04 mixed mode windows-amd64 compressed oops)
# Problematic frame:
# C  0x000000007352ff53
#
# Failed to write core dump. Minidumps are not enabled by default on client versions of Windows
#
# If you would like to submit a bug report, please visit:
#   http://bugreport.sun.com/bugreport/crash.jsp
#

---------------  T H R E A D  ---------------

Current thread (0x0000000065a98800):  JavaThread "AWT-EventQueue-0" [_thread_in_vm, id=12712, stack(0x000000009fff0000,0x00000000a3ff0000)]

siginfo: ExceptionCode=0xc0000005, reading address 0x0000000000000001

Registers:
RAX=0x0000000000000001, RBX=0x0000000032ef5df0, RCX=0x000000000dea1aa0, RDX=0x00000000fadc0cf8
RSP=0x00000000a3feda00, RBP=0x00000000fadc0cf8, RSI=0x0000000065dc53d0, RDI=0x000000000dea1aa0
R8 =0x0000000000000000, R9 =0x00000000fadc0cf8, R10=0x0000000033732d97, R11=0x000000003314b588
R12=0x0000000000000000, R13=0x0000000000000000, R14=0x00000000a3fedba0, R15=0x0000000065a98800
RIP=0x000000007352ff53, EFLAGS=0x0000000000010202

Top of Stack: (sp=0x00000000a3feda00)
0x00000000a3feda00:   0000000032ef5df0 00000000735309c5
0x00000000a3feda10:   0000000065a98800 00000000731ee2e5
0x00000000a3feda20:   00000000e043b268 00000000fadc0cf8
0x00000000a3feda30:   00000000fadc0cf8 0000000073530081
0x00000000a3feda40:   0000000032ef5df0 0000000065dc53d0
0x00000000a3feda50:   0000000000000000 000000007347ad99
0x00000000a3feda60:   0000000065a98800 00000000734751dd
0x00000000a3feda70:   000000003314b588 000000003314b588
0x00000000a3feda80:   0000000065a989d8 00000000732015d7
0x00000000a3feda90:   0000000065a98800 0000000000000000
0x00000000a3fedaa0:   00000000e1fc3558 fffffffffffffffe
0x00000000a3fedab0:   00000000a3fedba0 00000000731c5b23
0x00000000a3fedac0:   0000000065a989d8 00000000a3fedb80
0x00000000a3fedad0:   0000000000000005 00000000a3fedad8
0x00000000a3fedae0:   fffffffffffffffe 00000000a3fedb40
0x00000000a3fedaf0:   00000000337261f8 0000000033732dc3 

Instructions: (pc=0x000000007352ff53)
0x000000007352ff33:   10 01 00 00 48 85 db 75 08 49 8b ed e9 cd fe ff
0x000000007352ff43:   ff 48 8b 2b e9 c5 fe ff ff 48 8b 87 20 01 00 00
0x000000007352ff53:   48 8b 08 48 89 8f 20 01 00 00 eb 16 48 63 88 00
0x000000007352ff63:   01 00 00 48 8b d0 48 8d 04 c8 ff c1 89 8a 00 01 


Register to memory mapping:

RAX=0x0000000000000001 is an unknown value
RBX=0x0000000032ef5df0 is an unknown value
RCX=0x000000000dea1aa0 is a global jni handle
RDX=0x00000000fadc0cf8 is an oop
sun.awt.windows.WFramePeer 
 - klass: 'sun/awt/windows/WFramePeer'
RSP=0x00000000a3feda00 is pointing into the stack for thread: 0x0000000065a98800
RBP=0x00000000fadc0cf8 is an oop
sun.awt.windows.WFramePeer 
 - klass: 'sun/awt/windows/WFramePeer'
RSI=0x0000000065dc53d0 is an unknown value
RDI=0x000000000dea1aa0 is a global jni handle
R8 =0x0000000000000000 is an unknown value
R9 =0x00000000fadc0cf8 is an oop
sun.awt.windows.WFramePeer 
 - klass: 'sun/awt/windows/WFramePeer'
R10=0x0000000033732d97 is an Interpreter codelet
method entry point (kind = native_synchronized)  [0x00000000337329a0, 0x00000000337333a0]  2560 bytes
R11=0x000000003314b588 is an unknown value
R12=0x0000000000000000 is an unknown value
R13=0x0000000000000000 is an unknown value
R14=0x00000000a3fedba0 is pointing into the stack for thread: 0x0000000065a98800
R15=0x0000000065a98800 is a thread


Stack: [0x000000009fff0000,0x00000000a3ff0000],  sp=0x00000000a3feda00,  free space=65526k
Native frames: (J=compiled Java code, j=interpreted, Vv=VM code, C=native code)
C  0x000000007352ff53

Java frames: (J=compiled Java code, j=interpreted, Vv=VM code)
j  sun.awt.windows.WComponentPeer.start()V+0
j  sun.awt.windows.WComponentPeer.<init>(Ljava/awt/Component;)V+97
j  sun.awt.windows.WCanvasPeer.<init>(Ljava/awt/Component;)V+2
j  sun.awt.windows.WPanelPeer.<init>(Ljava/awt/Component;)V+2
j  sun.awt.windows.WWindowPeer.<init>(Ljava/awt/Window;)V+2
j  sun.awt.windows.WFramePeer.<init>(Ljava/awt/Frame;)V+2
j  sun.awt.windows.WToolkit.createFrame(Ljava/awt/Frame;)Ljava/awt/peer/FramePeer;+5
j  java.awt.Frame.addNotify()V+20
j  com.mathworks.mwswing.MJFrame.addNotify()V+1
j  com.mathworks.widgets.desk.DTFrame.addNotify()V+6
j  com.mathworks.hg.peer.FigureFrameProxy$FigureFrame.addNotify()V+1
j  java.awt.Window.show()V+8
j  com.mathworks.mwswing.MJFrame.show()V+19
j  java.awt.Component.show(Z)V+5
j  java.awt.Component.setVisible(Z)V+2
j  java.awt.Window.setVisible(Z)V+2
j  com.mathworks.widgets.desk.DTFrame.setVisible(Z)V+34
j  com.mathworks.widgets.desk.DTSingleClientFrame.setVisible(Z)V+34
j  com.mathworks.widgets.desk.Desktop.setClientShowing(Lcom/mathworks/widgets/desk/DTClient;ZLcom/mathworks/widgets/desk/DTLocation;ZZ)V+1184
j  sun.reflect.GeneratedMethodAccessor63.invoke(Ljava/lang/Object;[Ljava/lang/Object;)Ljava/lang/Object;+141
J  sun.reflect.DelegatingMethodAccessorImpl.invoke(Ljava/lang/Object;[Ljava/lang/Object;)Ljava/lang/Object;
j  java.lang.reflect.Method.invoke(Ljava/lang/Object;[Ljava/lang/Object;)Ljava/lang/Object;+57
j  com.mathworks.widgets.desk.Desktop$DeferredFacadeProxy.invoke(Ljava/lang/Object;Ljava/lang/reflect/Method;[Ljava/lang/Object;)Ljava/lang/Object;+69
j  $Proxy0.setClientShowing(Lcom/mathworks/widgets/desk/DTClient;ZLcom/mathworks/widgets/desk/DTLocation;ZZ)V+43
j  com.mathworks.widgets.desk.Desktop.showClient(Lcom/mathworks/widgets/desk/DTClient;Lcom/mathworks/widgets/desk/DTLocation;ZZ)V+10
j  com.mathworks.widgets.desk.Desktop.showClientHelper(Ljava/awt/Component;Lcom/mathworks/widgets/desk/DTLocation;ZZ)V+30
j  com.mathworks.widgets.desk.Desktop.showClient(Ljava/awt/Component;Lcom/mathworks/widgets/desk/DTLocation;Z)V+13
j  com.mathworks.mde.desk.MLDesktop.showClient(Ljava/awt/Component;Lcom/mathworks/widgets/desk/DTLocation;Z)V+31
j  com.mathworks.hg.peer.FigureClientProxy$ShowEnabledHandler.showClient(Lcom/mathworks/widgets/desk/DTLocation;)V+26
j  com.mathworks.hg.peer.FigureClientProxy.showClient(Lcom/mathworks/widgets/desk/DTLocation;)V+5
j  com.mathworks.hg.peer.FigureClientProxy.showClient(Z)V+19
j  com.mathworks.hg.peer.FigureMediator.showClient(Z)V+5
j  com.mathworks.hg.peer.FigurePeer.showUndockedFigure()V+5
j  com.mathworks.hg.peer.FigurePeer.show()V+91
j  com.mathworks.hg.peer.FigurePeer.doSetFigureVisible(ZZ)V+77
j  com.mathworks.hg.peer.FigurePeer$19.run()V+12
J  com.mathworks.hg.util.HGPeerQueue$HGPeerRunnablesRunner.runit(Z[I)V
j  com.mathworks.hg.util.HGPeerQueue$HGPeerRunnablesRunner.runThese(I)V+9
j  com.mathworks.hg.util.HGPeerQueue$HGPeerRunnablesRunner.run()V+70
j  java.awt.event.InvocationEvent.dispatch()V+47
J  java.awt.EventQueue$3.run()Ljava/lang/Void;
J  java.awt.EventQueue$3.run()Ljava/lang/Object;
v  ~StubRoutines::call_stub
J  java.security.AccessController.doPrivileged(Ljava/security/PrivilegedAction;Ljava/security/AccessControlContext;)Ljava/lang/Object;
J  java.security.ProtectionDomain$1.doIntersectionPrivilege(Ljava/security/PrivilegedAction;Ljava/security/AccessControlContext;Ljava/security/AccessControlContext;)Ljava/lang/Object;
j  java.awt.EventQueue.dispatchEvent(Ljava/awt/AWTEvent;)V+46
J  java.awt.EventDispatchThread.pumpOneEventForFilters(I)V
J  java.awt.EventDispatchThread.pumpEventsForFilter(ILjava/awt/Conditional;Ljava/awt/EventFilter;)V
j  java.awt.EventDispatchThread.pumpEventsForHierarchy(ILjava/awt/Conditional;Ljava/awt/Component;)V+11
j  java.awt.EventDispatchThread.pumpEvents(ILjava/awt/Conditional;)V+4
j  java.awt.EventDispatchThread.pumpEvents(Ljava/awt/Conditional;)V+3
j  java.awt.EventDispatchThread.run()V+9
v  ~StubRoutines::call_stub

---------------  P R O C E S S  ---------------

Java Threads: ( => current thread )
  0x00000000d2147000 JavaThread "Unnamed RequestAggregator Timer" daemon [_thread_blocked, id=11772, stack(0x000000010c9a0000,0x00000001109a0000)]
  0x000000006733b800 JavaThread "Code Analyzer updating thread" [_thread_blocked, id=9764, stack(0x0000000104000000,0x0000000108000000)]
  0x000000006733a800 JavaThread "Active Reference Queue Daemon" daemon [_thread_blocked, id=8644, stack(0x0000000100000000,0x0000000104000000)]
  0x000000006733c000 JavaThread "Timer-1" daemon [_thread_blocked, id=12348, stack(0x00000000dbff0000,0x00000000dfff0000)]
  0x0000000067337000 JavaThread "ClipboardMonitor Timer" daemon [_thread_blocked, id=12228, stack(0x00000000d7ff0000,0x00000000dbff0000)]
  0x000000006733a000 JavaThread "Explorer NavigationContext request queue" daemon [_thread_blocked, id=11228, stack(0x00000000bbff0000,0x00000000bfff0000)]
  0x0000000067338800 JavaThread "AddressBar directory emptiness poller" daemon [_thread_blocked, id=14092, stack(0x00000000c3ff0000,0x00000000c7ff0000)]
  0x0000000067336000 JavaThread "Explorer Refresh Service 650408626" daemon [_thread_blocked, id=13416, stack(0x00000000bfff0000,0x00000000c3ff0000)]
  0x00000000707a7000 JavaThread "Thread-4" daemon [_thread_blocked, id=12732, stack(0x00000000b7ff0000,0x00000000bbff0000)]
  0x00000000664b1800 JavaThread "TimerQueue" daemon [_thread_blocked, id=10960, stack(0x00000000b3ff0000,0x00000000b7ff0000)]
  0x00000000660c2800 JavaThread "Thread-3" daemon [_thread_blocked, id=13028, stack(0x00000000a3ff0000,0x00000000a7ff0000)]
  0x0000000065fa5800 JavaThread "FelixPackageAdmin" daemon [_thread_blocked, id=13588, stack(0x00000000afff0000,0x00000000b3ff0000)]
  0x0000000065df4800 JavaThread "FelixStartLevel" daemon [_thread_blocked, id=6184, stack(0x00000000abff0000,0x00000000afff0000)]
  0x0000000065df3800 JavaThread "FelixDispatchQueue" daemon [_thread_blocked, id=11040, stack(0x00000000a7ff0000,0x00000000abff0000)]
=>0x0000000065a98800 JavaThread "AWT-EventQueue-0" [_thread_in_vm, id=12712, stack(0x000000009fff0000,0x00000000a3ff0000)]
  0x0000000065af8000 JavaThread "AWT-Windows" daemon [_thread_in_native, id=10600, stack(0x0000000097ff0000,0x000000009bff0000)]
  0x0000000065aa5000 JavaThread "AWT-Shutdown" [_thread_blocked, id=9608, stack(0x0000000093ff0000,0x0000000097ff0000)]
  0x0000000065aa4000 JavaThread "Java2D Disposer" daemon [_thread_blocked, id=4808, stack(0x000000008fff0000,0x0000000093ff0000)]
  0x0000000065829000 JavaThread "Timer-0" [_thread_blocked, id=4632, stack(0x000000008bff0000,0x000000008fff0000)]
  0x00000000658a0000 JavaThread "EventMgr Dispatcher" daemon [_thread_in_native, id=10416, stack(0x0000000087ff0000,0x000000008bff0000)]
  0x000000003312d800 JavaThread "Service Thread" daemon [_thread_blocked, id=11460, stack(0x000000007fff0000,0x0000000083ff0000)]
  0x000000003312a800 JavaThread "C2 CompilerThread1" daemon [_thread_blocked, id=13196, stack(0x0000000077aa0000,0x000000007baa0000)]
  0x0000000033121800 JavaThread "C2 CompilerThread0" daemon [_thread_blocked, id=13744, stack(0x0000000061570000,0x0000000065570000)]
  0x000000003311c800 JavaThread "Attach Listener" daemon [_thread_blocked, id=13516, stack(0x000000005d570000,0x0000000061570000)]
  0x00000000330f9000 JavaThread "Finalizer" daemon [_thread_blocked, id=8564, stack(0x0000000059570000,0x000000005d570000)]
  0x00000000330f2800 JavaThread "Reference Handler" daemon [_thread_blocked, id=10460, stack(0x0000000055570000,0x0000000059570000)]
  0x000000000dc58800 JavaThread "main" [_thread_in_native, id=6812, stack(0x0000000000040000,0x0000000004040000)]

Other Threads:
  0x00000000330ba800 VMThread [stack: 0x0000000051570000,0x0000000055570000] [id=8536]
  0x0000000033186800 WatcherThread [stack: 0x0000000083ff0000,0x0000000087ff0000] [id=13108]

VM state:not at safepoint (normal execution)

VM Mutex/Monitor currently owned by a thread:  ([mutex/lock_event])
[0x0000000032ef5df0] JNIGlobalHandle_lock - owner thread: 0x0000000065a98800

Heap
 PSYoungGen      total 92352K, used 15485K [0x00000000fa000000, 0x00000000ffba0000, 0x0000000100000000)
  eden space 91072K, 15% used [0x00000000fa000000,0x00000000fadff6e0,0x00000000ff8f0000)
  from space 1280K, 90% used [0x00000000ff8f0000,0x00000000ffa10000,0x00000000ffa30000)
  to   space 1280K, 0% used [0x00000000ffa60000,0x00000000ffa60000,0x00000000ffba0000)
 ParOldGen       total 100544K, used 72311K [0x00000000e8000000, 0x00000000ee230000, 0x00000000fa000000)
  object space 100544K, 71% used [0x00000000e8000000,0x00000000ec69dc20,0x00000000ee230000)
 PSPermGen       total 112768K, used 61879K [0x00000000e0000000, 0x00000000e6e20000, 0x00000000e8000000)
  object space 112768K, 54% used [0x00000000e0000000,0x00000000e3c6dc28,0x00000000e6e20000)

Card table byte_map: [0x00000000367e0000,0x00000000368f0000] byte_map_base: 0x00000000360e0000

Polling page: 0x00000000336f0000

Code Cache  [0x0000000033720000, 0x0000000033f30000, 0x0000000036720000)
 total_blobs=3058 nmethods=2392 adapters=614 free_code_cache=41062Kb largest_free_block=41920704

Compilation events (10 events):
Event: 17466.907 Thread 0x0000000033121800 2600             com.mathworks.widgets.grouptable.GroupingTableColumn::getValue (11 bytes)
Event: 17466.907 Thread 0x0000000033121800 nmethod 2600 0x0000000033a990d0 code [0x0000000033a99220, 0x0000000033a99298]
Event: 17574.720 Thread 0x000000003312a800 2601             javax.swing.text.FlowView$LogicalView::getPreferredSpan (74 bytes)
Event: 17574.720 Thread 0x0000000033121800 2602             javax.swing.text.FlowView$LogicalView::getMinimumSpan (107 bytes)
Event: 17574.734 Thread 0x000000003312a800 nmethod 2601 0x0000000033f19410 code [0x0000000033f19700, 0x0000000033f1a8b8]
Event: 17574.735 Thread 0x000000003312a800 2603             javax.swing.text.ParagraphView::calculateMinorAxisRequirements (195 bytes)
Event: 17574.741 Thread 0x0000000033121800 nmethod 2602 0x0000000033f1c9d0 code [0x0000000033f1ccc0, 0x0000000033f1de48]
Event: 17574.763 Thread 0x000000003312a800 nmethod 2603 0x0000000033f1ff90 code [0x0000000033f20340, 0x0000000033f21d40]
Event: 17685.683 Thread 0x0000000033121800 2604             sun.awt.geom.CurveLink::absorb (130 bytes)
Event: 17685.684 Thread 0x0000000033121800 nmethod 2604 0x0000000033ecdf10 code [0x0000000033ece040, 0x0000000033ece0d8]

GC Heap History (10 events):
Event: 17826.620 GC heap before
{Heap before GC invocations=1792 (full 3):
 PSYoungGen      total 91968K, used 91808K [0x00000000fa000000, 0x00000000ffb00000, 0x0000000100000000)
  eden space 90752K, 100% used [0x00000000fa000000,0x00000000ff8a0000,0x00000000ff8a0000)
  from space 1216K, 86% used [0x00000000ff9d0000,0x00000000ffad8000,0x00000000ffb00000)
  to   space 1216K, 0% used [0x00000000ff8a0000,0x00000000ff8a0000,0x00000000ff9d0000)
 ParOldGen       total 100544K, used 72207K [0x00000000e8000000, 0x00000000ee230000, 0x00000000fa000000)
  object space 100544K, 71% used [0x00000000e8000000,0x00000000ec683c20,0x00000000ee230000)
 PSPermGen       total 112768K, used 61879K [0x00000000e0000000, 0x00000000e6e20000, 0x00000000e8000000)
  object space 112768K, 54% used [0x00000000e0000000,0x00000000e3c6dc28,0x00000000e6e20000)
Event: 17826.622 GC heap after
Heap after GC invocations=1792 (full 3):
 PSYoungGen      total 91968K, used 1120K [0x00000000fa000000, 0x00000000ffb30000, 0x0000000100000000)
  eden space 90752K, 0% used [0x00000000fa000000,0x00000000fa000000,0x00000000ff8a0000)
  from space 1216K, 92% used [0x00000000ff8a0000,0x00000000ff9b8000,0x00000000ff9d0000)
  to   space 1216K, 0% used [0x00000000ffa00000,0x00000000ffa00000,0x00000000ffb30000)
 ParOldGen       total 100544K, used 72231K [0x00000000e8000000, 0x00000000ee230000, 0x00000000fa000000)
  object space 100544K, 71% used [0x00000000e8000000,0x00000000ec689c20,0x00000000ee230000)
 PSPermGen       total 112768K, used 61879K [0x00000000e0000000, 0x00000000e6e20000, 0x00000000e8000000)
  object space 112768K, 54% used [0x00000000e0000000,0x00000000e3c6dc28,0x00000000e6e20000)
}
Event: 17838.647 GC heap before
{Heap before GC invocations=1793 (full 3):
 PSYoungGen      total 91968K, used 91872K [0x00000000fa000000, 0x00000000ffb30000, 0x0000000100000000)
  eden space 90752K, 100% used [0x00000000fa000000,0x00000000ff8a0000,0x00000000ff8a0000)
  from space 1216K, 92% used [0x00000000ff8a0000,0x00000000ff9b8000,0x00000000ff9d0000)
  to   space 1216K, 0% used [0x00000000ffa00000,0x00000000ffa00000,0x00000000ffb30000)
 ParOldGen       total 100544K, used 72231K [0x00000000e8000000, 0x00000000ee230000, 0x00000000fa000000)
  object space 100544K, 71% used [0x00000000e8000000,0x00000000ec689c20,0x00000000ee230000)
 PSPermGen       total 112768K, used 61879K [0x00000000e0000000, 0x00000000e6e20000, 0x00000000e8000000)
  object space 112768K, 54% used [0x00000000e0000000,0x00000000e3c6dc28,0x00000000e6e20000)
Event: 17838.649 GC heap after
Heap after GC invocations=1793 (full 3):
 PSYoungGen      total 92160K, used 1056K [0x00000000fa000000, 0x00000000ffb30000, 0x0000000100000000)
  eden space 90944K, 0% used [0x00000000fa000000,0x00000000fa000000,0x00000000ff8d0000)
  from space 1216K, 86% used [0x00000000ffa00000,0x00000000ffb08000,0x00000000ffb30000)
  to   space 1216K, 0% used [0x00000000ff8d0000,0x00000000ff8d0000,0x00000000ffa00000)
 ParOldGen       total 100544K, used 72255K [0x00000000e8000000, 0x00000000ee230000, 0x00000000fa000000)
  object space 100544K, 71% used [0x00000000e8000000,0x00000000ec68fc20,0x00000000ee230000)
 PSPermGen       total 112768K, used 61879K [0x00000000e0000000, 0x00000000e6e20000, 0x00000000e8000000)
  object space 112768K, 54% used [0x00000000e0000000,0x00000000e3c6dc28,0x00000000e6e20000)
}
Event: 17850.657 GC heap before
{Heap before GC invocations=1794 (full 3):
 PSYoungGen      total 92160K, used 92000K [0x00000000fa000000, 0x00000000ffb30000, 0x0000000100000000)
  eden space 90944K, 100% used [0x00000000fa000000,0x00000000ff8d0000,0x00000000ff8d0000)
  from space 1216K, 86% used [0x00000000ffa00000,0x00000000ffb08000,0x00000000ffb30000)
  to   space 1216K, 0% used [0x00000000ff8d0000,0x00000000ff8d0000,0x00000000ffa00000)
 ParOldGen       total 100544K, used 72255K [0x00000000e8000000, 0x00000000ee230000, 0x00000000fa000000)
  object space 100544K, 71% used [0x00000000e8000000,0x00000000ec68fc20,0x00000000ee230000)
 PSPermGen       total 112768K, used 61879K [0x00000000e0000000, 0x00000000e6e20000, 0x00000000e8000000)
  object space 112768K, 54% used [0x00000000e0000000,0x00000000e3c6dc28,0x00000000e6e20000)
Event: 17850.659 GC heap after
Heap after GC invocations=1794 (full 3):
 PSYoungGen      total 92160K, used 1184K [0x00000000fa000000, 0x00000000ffb60000, 0x0000000100000000)
  eden space 90944K, 0% used [0x00000000fa000000,0x00000000fa000000,0x00000000ff8d0000)
  from space 1216K, 97% used [0x00000000ff8d0000,0x00000000ff9f8000,0x00000000ffa00000)
  to   space 1216K, 0% used [0x00000000ffa30000,0x00000000ffa30000,0x00000000ffb60000)
 ParOldGen       total 100544K, used 72271K [0x00000000e8000000, 0x00000000ee230000, 0x00000000fa000000)
  object space 100544K, 71% used [0x00000000e8000000,0x00000000ec693c20,0x00000000ee230000)
 PSPermGen       total 112768K, used 61879K [0x00000000e0000000, 0x00000000e6e20000, 0x00000000e8000000)
  object space 112768K, 54% used [0x00000000e0000000,0x00000000e3c6dc28,0x00000000e6e20000)
}
Event: 17862.683 GC heap before
{Heap before GC invocations=1795 (full 3):
 PSYoungGen      total 92160K, used 92128K [0x00000000fa000000, 0x00000000ffb60000, 0x0000000100000000)
  eden space 90944K, 100% used [0x00000000fa000000,0x00000000ff8d0000,0x00000000ff8d0000)
  from space 1216K, 97% used [0x00000000ff8d0000,0x00000000ff9f8000,0x00000000ffa00000)
  to   space 1216K, 0% used [0x00000000ffa30000,0x00000000ffa30000,0x00000000ffb60000)
 ParOldGen       total 100544K, used 72271K [0x00000000e8000000, 0x00000000ee230000, 0x00000000fa000000)
  object space 100544K, 71% used [0x00000000e8000000,0x00000000ec693c20,0x00000000ee230000)
 PSPermGen       total 112768K, used 61879K [0x00000000e0000000, 0x00000000e6e20000, 0x00000000e8000000)
  object space 112768K, 54% used [0x00000000e0000000,0x00000000e3c6dc28,0x00000000e6e20000)
Event: 17862.686 GC heap after
Heap after GC invocations=1795 (full 3):
 PSYoungGen      total 92288K, used 992K [0x00000000fa000000, 0x00000000ffb80000, 0x0000000100000000)
  eden space 91072K, 0% used [0x00000000fa000000,0x00000000fa000000,0x00000000ff8f0000)
  from space 1216K, 81% used [0x00000000ffa30000,0x00000000ffb28000,0x00000000ffb60000)
  to   space 1280K, 0% used [0x00000000ff8f0000,0x00000000ff8f0000,0x00000000ffa30000)
 ParOldGen       total 100544K, used 72287K [0x00000000e8000000, 0x00000000ee230000, 0x00000000fa000000)
  object space 100544K, 71% used [0x00000000e8000000,0x00000000ec697c20,0x00000000ee230000)
 PSPermGen       total 112768K, used 61879K [0x00000000e0000000, 0x00000000e6e20000, 0x00000000e8000000)
  object space 112768K, 54% used [0x00000000e0000000,0x00000000e3c6dc28,0x00000000e6e20000)
}
Event: 17880.678 GC heap before
{Heap before GC invocations=1796 (full 3):
 PSYoungGen      total 92288K, used 92064K [0x00000000fa000000, 0x00000000ffb80000, 0x0000000100000000)
  eden space 91072K, 100% used [0x00000000fa000000,0x00000000ff8f0000,0x00000000ff8f0000)
  from space 1216K, 81% used [0x00000000ffa30000,0x00000000ffb28000,0x00000000ffb60000)
  to   space 1280K, 0% used [0x00000000ff8f0000,0x00000000ff8f0000,0x00000000ffa30000)
 ParOldGen       total 100544K, used 72287K [0x00000000e8000000, 0x00000000ee230000, 0x00000000fa000000)
  object space 100544K, 71% used [0x00000000e8000000,0x00000000ec697c20,0x00000000ee230000)
 PSPermGen       total 112768K, used 61879K [0x00000000e0000000, 0x00000000e6e20000, 0x00000000e8000000)
  object space 112768K, 54% used [0x00000000e0000000,0x00000000e3c6dc28,0x00000000e6e20000)
Event: 17880.680 GC heap after
Heap after GC invocations=1796 (full 3):
 PSYoungGen      total 92352K, used 1152K [0x00000000fa000000, 0x00000000ffba0000, 0x0000000100000000)
  eden space 91072K, 0% used [0x00000000fa000000,0x00000000fa000000,0x00000000ff8f0000)
  from space 1280K, 90% used [0x00000000ff8f0000,0x00000000ffa10000,0x00000000ffa30000)
  to   space 1280K, 0% used [0x00000000ffa60000,0x00000000ffa60000,0x00000000ffba0000)
 ParOldGen       total 100544K, used 72311K [0x00000000e8000000, 0x00000000ee230000, 0x00000000fa000000)
  object space 100544K, 71% used [0x00000000e8000000,0x00000000ec69dc20,0x00000000ee230000)
 PSPermGen       total 112768K, used 61879K [0x00000000e0000000, 0x00000000e6e20000, 0x00000000e8000000)
  object space 112768K, 54% used [0x00000000e0000000,0x00000000e3c6dc28,0x00000000e6e20000)
}

Deoptimization events (10 events):
Event: 16206.754 Thread 0x0000000065a98800 Uncommon trap -42 fr.pc 0x0000000033eff6a4
Event: 16206.758 Thread 0x0000000065a98800 Uncommon trap -42 fr.pc 0x0000000033eff6a4
Event: 17163.752 Thread 0x0000000065a98800 Uncommon trap -122 fr.pc 0x0000000033f04654
Event: 17163.778 Thread 0x0000000065a98800 Uncommon trap -42 fr.pc 0x0000000033f06a6c
Event: 17163.782 Thread 0x0000000065a98800 Uncommon trap -42 fr.pc 0x0000000033f06a6c
Event: 17271.674 Thread 0x0000000065a98800 Uncommon trap -42 fr.pc 0x0000000033f097ec
Event: 17271.678 Thread 0x0000000065a98800 Uncommon trap -42 fr.pc 0x0000000033f097ec
Event: 17271.720 Thread 0x0000000065a98800 Uncommon trap -42 fr.pc 0x0000000033f02008
Event: 17274.674 Thread 0x0000000065a98800 Uncommon trap -42 fr.pc 0x0000000033f0c550
Event: 17274.679 Thread 0x0000000065a98800 Uncommon trap -42 fr.pc 0x0000000033f0c550

Internal exceptions (10 events):
Event: 5097.925 Thread 0x00000000d2144000 Threw 0x00000000fad8e4b8 at C:\jdk7u1_64p\jdk7u11\hotspot\src\share\vm\prims\jvm.cpp:1166
Event: 7749.944 Thread 0x00000000330f9000 Threw 0x00000000fa074bb8 at C:\jdk7u1_64p\jdk7u11\hotspot\src\share\vm\interpreter\interpreterRuntime.cpp:362
Event: 7749.944 Thread 0x00000000330f9000 Threw 0x00000000fa074cf0 at C:\jdk7u1_64p\jdk7u11\hotspot\src\share\vm\interpreter\interpreterRuntime.cpp:362
Event: 12990.744 Thread 0x0000000065a98800 Implicit null exception at 0x0000000033ecb898 to 0x0000000033ecdc85
Event: 13426.082 Thread 0x0000000065a98800 Implicit null exception at 0x0000000033db7ee0 to 0x0000000033db803d
Event: 13426.204 Thread 0x0000000065a98800 Threw 0x00000000fac80dc0 at C:\jdk7u1_64p\jdk7u11\hotspot\src\share\vm\prims\jvm.cpp:1166
Event: 13426.205 Thread 0x0000000065a98800 Threw 0x00000000facb9600 at C:\jdk7u1_64p\jdk7u11\hotspot\src\share\vm\prims\jvm.cpp:1166
Event: 13431.335 Thread 0x0000000065a98800 Implicit null exception at 0x0000000033e434cb to 0x0000000033e43d11
Event: 13524.672 Thread 0x0000000065a98800 Implicit null exception at 0x0000000033d3ecf9 to 0x0000000033d3f381
Event: 13644.673 Thread 0x0000000065a98800 Implicit null exception at 0x0000000033ed9d91 to 0x0000000033eda4dd

Events (10 events):
Event: 17886.483 Executing VM operation: BulkRevokeBias
Event: 17886.483 Executing VM operation: BulkRevokeBias done
Event: 17886.485 Executing VM operation: RevokeBias
Event: 17886.485 Executing VM operation: RevokeBias done
Event: 17886.493 Executing VM operation: BulkRevokeBias
Event: 17886.493 Executing VM operation: BulkRevokeBias done
Event: 17886.494 Executing VM operation: BulkRevokeBias
Event: 17886.494 Executing VM operation: BulkRevokeBias done
Event: 17886.505 Executing VM operation: RevokeBias
Event: 17886.505 Executing VM operation: RevokeBias done


Dynamic libraries:
0x0000000140000000 - 0x0000000140029000 	C:\Program Files\MATLAB\R2013b\bin\win64\MATLAB.exe
0x00007ff8a3aa0000 - 0x00007ff8a3c49000 	C:\WINDOWS\SYSTEM32\ntdll.dll
0x00007ff8a2b40000 - 0x00007ff8a2c79000 	C:\WINDOWS\system32\KERNEL32.DLL
0x00007ff8a0350000 - 0x00007ff8a045f000 	C:\WINDOWS\system32\KERNELBASE.dll
0x000000006f060000 - 0x000000006f3dc000 	C:\Program Files\MATLAB\R2013b\bin\win64\libmwservices.dll
0x000000006e4d0000 - 0x000000006e57d000 	C:\Program Files\MATLAB\R2013b\bin\win64\mcr.dll
0x000000006ad70000 - 0x000000006aedf000 	C:\Program Files\MATLAB\R2013b\bin\win64\mvm.dll
0x00000000500a0000 - 0x0000000050138000 	C:\Program Files\MATLAB\R2013b\bin\win64\MSVCP100.dll
0x00000000779c0000 - 0x0000000077a92000 	C:\Program Files\MATLAB\R2013b\bin\win64\MSVCR100.dll
0x000000006fe80000 - 0x000000006ff56000 	C:\Program Files\MATLAB\R2013b\bin\win64\libmwi18n.dll
0x0000000004250000 - 0x000000000430b000 	C:\Program Files\MATLAB\R2013b\bin\win64\libut.dll
0x000000006f960000 - 0x000000006fb07000 	C:\Program Files\MATLAB\R2013b\bin\win64\libmwfl.dll
0x0000000004310000 - 0x000000000440b000 	C:\Program Files\MATLAB\R2013b\bin\win64\libmx.dll
0x000000006ef00000 - 0x000000006ef4e000 	C:\Program Files\MATLAB\R2013b\bin\win64\libmwregexp.dll
0x000000006eeb0000 - 0x000000006eef7000 	C:\Program Files\MATLAB\R2013b\bin\win64\mpath.dll
0x0000000004410000 - 0x0000000004a38000 	C:\Program Files\MATLAB\R2013b\bin\win64\mlutil.dll
0x0000000004a40000 - 0x0000000004e4f000 	C:\Program Files\MATLAB\R2013b\bin\win64\libmwMATLAB_res.dll
0x000000006e5f0000 - 0x000000006e613000 	C:\Program Files\MATLAB\R2013b\bin\win64\libmwMATLAB_settings_res.dll
0x000000006e580000 - 0x000000006e586000 	C:\Program Files\MATLAB\R2013b\bin\win64\libmwnativedisplay.dll
0x00000000685f0000 - 0x000000006863d000 	C:\Program Files\MATLAB\R2013b\bin\win64\opccore.dll
0x00000000684f0000 - 0x00000000685c6000 	C:\Program Files\MATLAB\R2013b\bin\win64\opcmodel.dll
0x00000000684c0000 - 0x00000000684ed000 	C:\Program Files\MATLAB\R2013b\bin\win64\opczippackage.dll
0x0000000068340000 - 0x00000000683a6000 	C:\Program Files\MATLAB\R2013b\bin\win64\opcmwservices.dll
0x0000000050090000 - 0x000000005009e000 	C:\Program Files\MATLAB\R2013b\bin\win64\boost_date_time-vc100-mt-1_49.dll
0x0000000050060000 - 0x000000005008c000 	C:\Program Files\MATLAB\R2013b\bin\win64\boost_filesystem-vc100-mt-1_49.dll
0x0000000050050000 - 0x0000000050060000 	C:\Program Files\MATLAB\R2013b\bin\win64\boost_iostreams-vc100-mt-1_49.dll
0x0000000050000000 - 0x0000000050046000 	C:\Program Files\MATLAB\R2013b\bin\win64\boost_serialization-vc100-mt-1_49.dll
0x00000000779b0000 - 0x00000000779b9000 	C:\Program Files\MATLAB\R2013b\bin\win64\boost_system-vc100-mt-1_49.dll
0x0000000077990000 - 0x00000000779a1000 	C:\Program Files\MATLAB\R2013b\bin\win64\boost_thread-vc100-mt-1_49.dll
0x0000000077900000 - 0x000000007798c000 	C:\Program Files\MATLAB\R2013b\bin\win64\boost_log-vc100-mt-1_49.dll
0x00007ff8a2a90000 - 0x00007ff8a2b35000 	C:\WINDOWS\system32\ADVAPI32.dll
0x00007ff8a0460000 - 0x00007ff8a0501000 	C:\WINDOWS\WinSxS\amd64_microsoft.windows.common-controls_6595b64144ccf1df_5.82.9600.16384_none_34a8918f959016ea\COMCTL32.dll
0x00007ff8a0cd0000 - 0x00007ff8a0d6a000 	C:\WINDOWS\system32\COMDLG32.dll
0x00007ff89bb60000 - 0x00007ff89bb75000 	C:\WINDOWS\SYSTEM32\NETAPI32.dll
0x00007ff8a0dd0000 - 0x00007ff8a0e28000 	C:\WINDOWS\system32\WS2_32.dll
0x00007ff8971a0000 - 0x00007ff8971d3000 	C:\Program Files\MATLAB\R2013b\bin\win64\tbb.dll
0x0000000075650000 - 0x0000000075891000 	C:\Program Files\MATLAB\R2013b\bin\win64\xerces-c_2_7.dll
0x00007ff8a0f80000 - 0x00007ff8a10f1000 	C:\WINDOWS\system32\USER32.dll
0x00007ff8a1680000 - 0x00007ff8a2a8f000 	C:\WINDOWS\system32\SHELL32.dll
0x00007ff8a1100000 - 0x00007ff8a1276000 	C:\WINDOWS\system32\ole32.dll
0x00007ff8a08d0000 - 0x00007ff8a0987000 	C:\WINDOWS\system32\OLEAUT32.dll
0x000000006e110000 - 0x000000006e4d0000 	C:\Program Files\MATLAB\R2013b\bin\win64\iqm.dll
0x000000006c710000 - 0x000000006c73f000 	C:\Program Files\MATLAB\R2013b\bin\win64\libmwbridge.dll
0x000000006d760000 - 0x000000006d784000 	C:\Program Files\MATLAB\R2013b\bin\win64\libmex.dll
0x0000000180000000 - 0x00000001800c2000 	C:\Program Files\MATLAB\R2013b\bin\win64\m_dispatcher.dll
0x0000000004e50000 - 0x00000000050b2000 	C:\Program Files\MATLAB\R2013b\bin\win64\mcos.dll
0x000000006c500000 - 0x000000006c651000 	C:\Program Files\MATLAB\R2013b\bin\win64\libmwgui.dll
0x000000006bac0000 - 0x000000006c426000 	C:\Program Files\MATLAB\R2013b\bin\win64\hg.dll
0x000000006b3a0000 - 0x000000006b4b2000 	C:\Program Files\MATLAB\R2013b\bin\win64\hgutils.dll
0x00000000050c0000 - 0x00000000058bb000 	C:\Program Files\MATLAB\R2013b\bin\win64\m_interpreter.dll
0x000000006b780000 - 0x000000006b848000 	C:\Program Files\MATLAB\R2013b\bin\win64\jmi.dll
0x000000006b2f0000 - 0x000000006b39e000 	C:\Program Files\MATLAB\R2013b\bin\win64\udd_mi.dll
0x000000006afc0000 - 0x000000006b28f000 	C:\Program Files\MATLAB\R2013b\bin\win64\uiw.dll
0x000000006af50000 - 0x000000006af6d000 	C:\Program Files\MATLAB\R2013b\bin\win64\mwoles05.DLL
0x000000006aee0000 - 0x000000006af4c000 	C:\Program Files\MATLAB\R2013b\bin\win64\comcli.dll
0x0000000000020000 - 0x000000000002c000 	C:\Program Files\MATLAB\R2013b\bin\win64\mlautoregister.dll
0x000000006fe70000 - 0x000000006fe7d000 	C:\Program Files\MATLAB\R2013b\bin\win64\libmwresource_core.dll
0x0000000075620000 - 0x0000000075645000 	C:\Program Files\MATLAB\R2013b\bin\win64\LIBEXPAT.dll
0x0000000075490000 - 0x000000007561a000 	C:\Program Files\MATLAB\R2013b\bin\win64\icuin49.dll
0x0000000075350000 - 0x000000007548e000 	C:\Program Files\MATLAB\R2013b\bin\win64\icuuc49.dll
0x00000000778f0000 - 0x0000000077900000 	C:\Program Files\MATLAB\R2013b\bin\win64\icuio49.dll
0x00007ff8a1670000 - 0x00007ff8a1677000 	C:\WINDOWS\system32\PSAPI.DLL
0x0000000075270000 - 0x000000007534f000 	C:\Program Files\MATLAB\R2013b\bin\win64\boost_regex-vc100-mt-1_49.dll
0x0000000075250000 - 0x0000000075261000 	C:\Program Files\MATLAB\R2013b\bin\win64\boost_signals-vc100-mt-1_49.dll
0x00007ff8a0990000 - 0x00007ff8a09a5000 	C:\WINDOWS\system32\imagehlp.dll
0x00007ff89ffa0000 - 0x00007ff89ffe5000 	C:\WINDOWS\SYSTEM32\POWRPROF.dll
0x00007ff897140000 - 0x00007ff897168000 	C:\Program Files\MATLAB\R2013b\bin\win64\tbbmalloc.dll
0x0000000075230000 - 0x0000000075247000 	C:\Program Files\MATLAB\R2013b\bin\win64\zlib1.dll
0x000000006e870000 - 0x000000006e8e7000 	C:\Program Files\MATLAB\R2013b\bin\win64\xmlcore.dll
0x00000000778e0000 - 0x00000000778ee000 	C:\Program Files\MATLAB\R2013b\bin\win64\libminizip.dll
0x00007ff8a09c0000 - 0x00007ff8a0a67000 	C:\WINDOWS\system32\msvcrt.dll
0x00007ff8a0a70000 - 0x00007ff8a0ac7000 	C:\WINDOWS\SYSTEM32\sechost.dll
0x00007ff8a0e40000 - 0x00007ff8a0f76000 	C:\WINDOWS\system32\RPCRT4.dll
0x00007ff8a1280000 - 0x00007ff8a13c5000 	C:\WINDOWS\system32\GDI32.dll
0x00007ff8a0ad0000 - 0x00007ff8a0b21000 	C:\WINDOWS\system32\SHLWAPI.dll
0x00007ff89f2b0000 - 0x00007ff89f2bc000 	C:\WINDOWS\SYSTEM32\netutils.dll
0x00007ff89fc70000 - 0x00007ff89fc95000 	C:\WINDOWS\SYSTEM32\srvcli.dll
0x00007ff89bb20000 - 0x00007ff89bb36000 	C:\WINDOWS\SYSTEM32\wkscli.dll
0x00007ff8a1480000 - 0x00007ff8a1489000 	C:\WINDOWS\system32\NSI.dll
0x00007ff8a0510000 - 0x00007ff8a06e7000 	C:\WINDOWS\SYSTEM32\combase.dll
0x00000000058c0000 - 0x0000000005976000 	C:\Program Files\MATLAB\R2013b\bin\win64\udd.dll
0x000000006c4d0000 - 0x000000006c4f8000 	C:\Program Files\MATLAB\R2013b\bin\win64\graphics_util.dll
0x000000006ba60000 - 0x000000006babd000 	C:\Program Files\MATLAB\R2013b\bin\win64\libmat.dll
0x000000006b730000 - 0x000000006b772000 	C:\Program Files\MATLAB\R2013b\bin\win64\libmwhardcopy.dll
0x000000006b6d0000 - 0x000000006b72e000 	C:\Program Files\MATLAB\R2013b\bin\win64\libuij.dll
0x0000000005980000 - 0x0000000005b85000 	C:\Program Files\MATLAB\R2013b\bin\win64\hgdatatypes.dll
0x000000006ced0000 - 0x000000006cf4f000 	C:\Program Files\MATLAB\R2013b\bin\win64\libmwlapack.dll
0x000000006b2b0000 - 0x000000006b2e6000 	C:\Program Files\MATLAB\R2013b\bin\win64\libmwgbtutils.dll
0x000000006b290000 - 0x000000006b2a3000 	C:\Program Files\MATLAB\R2013b\bin\win64\libmwgbt.dll
0x0000000074cd0000 - 0x000000007522d000 	C:\Program Files\MATLAB\R2013b\bin\win64\mfc100.dll
0x00007ff898ff0000 - 0x00007ff89906b000 	C:\WINDOWS\SYSTEM32\WINSPOOL.DRV
0x000000006d6e0000 - 0x000000006d75b000 	C:\Program Files\MATLAB\R2013b\bin\win64\profiler.dll
0x000000006d450000 - 0x000000006d5c8000 	C:\Program Files\MATLAB\R2013b\bin\win64\libmwmathutil.dll
0x000000006d420000 - 0x000000006d447000 	C:\Program Files\MATLAB\R2013b\bin\win64\libmwmathrng.dll
0x000000006ceb0000 - 0x000000006ced0000 	C:\Program Files\MATLAB\R2013b\bin\win64\m_pcodeio.dll
0x000000006ce50000 - 0x000000006ceac000 	C:\Program Files\MATLAB\R2013b\bin\win64\m_ir.dll
0x0000000005b90000 - 0x0000000006245000 	C:\Program Files\MATLAB\R2013b\bin\win64\m_parser.dll
0x000000006c740000 - 0x000000006c768000 	C:\Program Files\MATLAB\R2013b\bin\win64\m_pcodegen.dll
0x000000006d2b0000 - 0x000000006d313000 	C:\Program Files\MATLAB\R2013b\bin\win64\libmwspmatrix.dll
0x00007ff892d50000 - 0x00007ff892ed8000 	C:\WINDOWS\SYSTEM32\dbghelp.dll
0x00000000040c0000 - 0x00000000040ce000 	C:\Program Files\MATLAB\R2013b\bin\win64\nativejava_services.dll
0x000000006afb0000 - 0x000000006afb9000 	C:\Program Files\MATLAB\R2013b\bin\win64\uinone.dll
0x000000006af80000 - 0x000000006afac000 	C:\Program Files\MATLAB\R2013b\bin\win64\libmwnativedialogs.dll
0x00007ff8957d0000 - 0x00007ff8957eb000 	C:\WINDOWS\SYSTEM32\MPR.dll
0x0000000074ca0000 - 0x0000000074ccb000 	C:\Program Files\MATLAB\R2013b\bin\win64\ATL100.DLL
0x0000000073b70000 - 0x0000000074c92000 	C:\Program Files\MATLAB\R2013b\bin\win64\icudt49.dll
0x0000000073ab0000 - 0x0000000073b68000 	C:\Program Files\MATLAB\R2013b\bin\win64\libtex_base.dll
0x000000006b850000 - 0x000000006ba58000 	C:\Program Files\MATLAB\R2013b\bin\win64\hdf5dll.dll
0x000000006cf60000 - 0x000000006cf75000 	C:\Program Files\MATLAB\R2013b\bin\win64\libmwbinder.dll
0x000000006cf50000 - 0x000000006cf5b000 	C:\Program Files\MATLAB\R2013b\bin\win64\libmwompwrapper.dll
0x00007ff8996f0000 - 0x00007ff8996f7000 	C:\WINDOWS\SYSTEM32\MSIMG32.dll
0x000000006d410000 - 0x000000006d420000 	C:\Program Files\MATLAB\R2013b\bin\win64\libmwmfl_rng.dll
0x0000000006290000 - 0x00000000063a8000 	C:\Program Files\MATLAB\R2013b\bin\win64\libmwmathcore.dll
0x000000006c780000 - 0x000000006c797000 	C:\Program Files\MATLAB\R2013b\bin\win64\ir_xfmr.dll
0x000000006c770000 - 0x000000006c780000 	C:\Program Files\MATLAB\R2013b\bin\win64\mtok.dll
0x000000006af70000 - 0x000000006af7c000 	C:\Program Files\MATLAB\R2013b\bin\win64\libmwplatform_res.dll
0x00007ff89d640000 - 0x00007ff89d6e1000 	C:\WINDOWS\SYSTEM32\SHCORE.DLL
0x000000006cfc0000 - 0x000000006d01c000 	C:\Program Files\MATLAB\R2013b\bin\win64\libmwcholmod.dll
0x000000006cfb0000 - 0x000000006cfbc000 	C:\Program Files\MATLAB\R2013b\bin\win64\libmwamd.dll
0x000000006cfa0000 - 0x000000006cfab000 	C:\Program Files\MATLAB\R2013b\bin\win64\libmwcolamd.dll
0x000000006cf80000 - 0x000000006cf93000 	C:\Program Files\MATLAB\R2013b\bin\win64\libmwblas.dll
0x00007ff8a0890000 - 0x00007ff8a08c4000 	C:\WINDOWS\system32\IMM32.DLL
0x00007ff8a0b90000 - 0x00007ff8a0cc8000 	C:\WINDOWS\system32\MSCTF.dll
0x00007ff89ed60000 - 0x00007ff89ee82000 	C:\WINDOWS\SYSTEM32\UxTheme.dll
0x00007ff89d460000 - 0x00007ff89d481000 	C:\WINDOWS\system32\dwmapi.dll
0x0000000073aa0000 - 0x0000000073aad000 	C:\Program Files\MATLAB\R2013b\bin\win64\MFC100ENU.DLL
0x00000000083b0000 - 0x000000000841a000 	C:\Program Files\MATLAB\R2013b\bin\win64\MVMLocal.dll
0x00007ff8a0000000 - 0x00007ff8a0014000 	C:\WINDOWS\SYSTEM32\profapi.dll

VM Arguments:
jvm_args: -XX:PermSize=32m -Xms64m -XX:NewRatio=3 -XX:MaxPermSize=128m -Xmx384m -XX:MaxDirectMemorySize=2147400000 -Dsun.java2d.noddraw=true -Dsun.awt.nopixfmt=true -Xshare:off -Xrs -XX:-UseSplitVerifier -Djava.library.path=C:\Program Files\MATLAB\R2013b\bin\win64;C:\Program Files\MATLAB\R2013b\sys\jxbrowser\win64\lib vfprintf abort -Duser.language=en -Duser.country=US -XX:ParallelGCThreads=6 
java_command: <unknown>
Launcher Type: generic

Environment Variables:
CLASSPATH=C:\Program Files (x86)\OpenNI\Bin64\org.OpenNI.jar;C:\Program Files\OpenNI\Bin64\org.OpenNI.jar;C:\Program Files (x86)\OpenNI\Bin\org.OpenNI.jar
PATH=C:\Program Files (x86)\MHV AVR Tools\bin;C:\Python27;C:\Program Files\MATLAB\R2013b\runtime\win64;C:\Program Files\MATLAB\R2013b\bin;C:\WINDOWS\system32;C:\WINDOWS;
USERNAME=david
OS=Windows_NT
PROCESSOR_IDENTIFIER=Intel64 Family 6 Model 60 Stepping 3, GenuineIntel



---------------  S Y S T E M  ---------------

OS: Windows 8 , 64 bit Build 9200 

CPU:total 8 (4 cores per cpu, 2 threads per core) family 6 model 60 stepping 3, cmov, cx8, fxsr, mmx, sse, sse2, sse3, ssse3, sse4.1, sse4.2, popcnt, avx, avx2, ht, tsc, tscinvbit

Memory: 4k page, physical 8318996k(1348776k free), swap 16707604k(8421200k free)

vm_info: Java HotSpot(TM) 64-Bit Server VM (23.6-b04) for windows-amd64 JRE (1.7.0_11-b21), built on Jan 12 2013 02:38:42 by "java_re" with unknown MS VC++:1600

time: Sun Mar 09 03:32:43 2014
elapsed time: 17886 seconds

